#
# There is insufficient memory for the Java Runtime Environment to continue.
# Native memory allocation (malloc) failed to allocate 1237952 bytes for Chunk::new
# Possible reasons:
#   The system is out of physical RAM or swap space
#   In 32 bit mode, the process size limit was hit
# Possible solutions:
#   Reduce memory load on the system
#   Increase physical memory or swap space
#   Check if swap backing store is full
#   Use 64 bit Java on a 64 bit OS
#   Decrease Java heap size (-Xmx/-Xms)
#   Decrease number of Java threads
#   Decrease Java thread stack sizes (-Xss)
#   Set larger code cache with -XX:ReservedCodeCacheSize=
# This output file may be truncated or incomplete.
#
#  Out of Memory Error (allocation.cpp:390), pid=2760, tid=0x0000000000003718
#
# JRE version: Java(TM) SE Runtime Environment (8.0_111-b14) (build 1.8.0_111-b14)
# Java VM: Java HotSpot(TM) 64-Bit Server VM (25.111-b14 mixed mode windows-amd64 compressed oops)
# Failed to write core dump. Minidumps are not enabled by default on client versions of Windows
#

---------------  T H R E A D  ---------------

Current thread (0x000000001aeaa000):  JavaThread "C2 CompilerThread1" daemon [_thread_in_native, id=14104, stack(0x000000001c2e0000,0x000000001c3e0000)]

Stack: [0x000000001c2e0000,0x000000001c3e0000]
[error occurred during error reporting (printing stack bounds), id 0xc0000005]

Native frames: (J=compiled Java code, j=interpreted, Vv=VM code, C=native code)


Current CompileTask:
C2:  57181 3585       4       java.lang.Class::getMethods (17 bytes)


---------------  P R O C E S S  ---------------

Java Threads: ( => current thread )
  0x000000001cabc000 JavaThread "[assignment3].http.listener.HttpIdleConnectionCloser.01" [_thread_blocked, id=13824, stack(0x0000000027230000,0x0000000027330000)]
  0x000000001cab8800 JavaThread "[assignment3].http.listener.worker(16)" daemon [_thread_blocked, id=1836, stack(0x0000000026c70000,0x0000000026d70000)]
  0x000000001cab7800 JavaThread "[assignment3].http.listener.worker(15)" daemon [_thread_blocked, id=6840, stack(0x0000000026b70000,0x0000000026c70000)]
  0x00000000210b0800 JavaThread "[assignment3].http.listener.worker(14)" daemon [_thread_blocked, id=4248, stack(0x0000000026a70000,0x0000000026b70000)]
  0x00000000210af000 JavaThread "[assignment3].http.listener.worker(13)" daemon [_thread_blocked, id=13612, stack(0x0000000026970000,0x0000000026a70000)]
  0x00000000210ae000 JavaThread "[assignment3].http.listener.worker(12)" daemon [_thread_blocked, id=1532, stack(0x0000000026870000,0x0000000026970000)]
  0x00000000210ad800 JavaThread "[assignment3].http.listener.worker(11)" daemon [_thread_blocked, id=892, stack(0x0000000026770000,0x0000000026870000)]
  0x00000000210ac800 JavaThread "[assignment3].http.listener.worker(10)" daemon [_thread_blocked, id=13456, stack(0x0000000026670000,0x0000000026770000)]
  0x00000000210af800 JavaThread "[assignment3].http.listener.worker(9)" daemon [_thread_blocked, id=9900, stack(0x0000000026570000,0x0000000026670000)]
  0x00000000210a5000 JavaThread "[assignment3].http.listener.worker(8)" daemon [_thread_blocked, id=7748, stack(0x0000000026470000,0x0000000026570000)]
  0x00000000210ac000 JavaThread "[assignment3].http.listener.worker(7)" daemon [_thread_blocked, id=14300, stack(0x0000000026370000,0x0000000026470000)]
  0x00000000210ab000 JavaThread "[assignment3].http.listener.worker(6)" daemon [_thread_blocked, id=12644, stack(0x0000000026270000,0x0000000026370000)]
  0x00000000210aa800 JavaThread "[assignment3].http.listener.worker(5)" daemon [_thread_blocked, id=14004, stack(0x0000000026170000,0x0000000026270000)]
  0x00000000210a9000 JavaThread "[assignment3].http.listener.worker(4)" daemon [_thread_blocked, id=4056, stack(0x0000000026070000,0x0000000026170000)]
  0x00000000210a9800 JavaThread "[assignment3].http.listener.worker(3)" daemon [_thread_blocked, id=13132, stack(0x0000000025f70000,0x0000000026070000)]
  0x00000000210a7800 JavaThread "[assignment3].http.listener.worker(2)" daemon [_thread_blocked, id=12076, stack(0x0000000025e70000,0x0000000025f70000)]
  0x00000000210a1800 JavaThread "[assignment3].http.listener.worker(1)" daemon [_thread_blocked, id=13552, stack(0x0000000025d70000,0x0000000025e70000)]
  0x00000000210a4800 JavaThread "[assignment3].http.listener(9) SelectorRunner" daemon [_thread_in_native, id=13972, stack(0x0000000025c70000,0x0000000025d70000)]
  0x00000000210a6800 JavaThread "[assignment3].http.listener(8) SelectorRunner" daemon [_thread_in_native, id=10880, stack(0x0000000025b70000,0x0000000025c70000)]
  0x00000000210a3000 JavaThread "[assignment3].http.listener(7) SelectorRunner" daemon [_thread_in_native, id=4040, stack(0x0000000025a70000,0x0000000025b70000)]
  0x00000000210a2000 JavaThread "[assignment3].http.listener(6) SelectorRunner" daemon [_thread_in_native, id=7504, stack(0x0000000025970000,0x0000000025a70000)]
  0x00000000210a8000 JavaThread "[assignment3].http.listener(5) SelectorRunner" daemon [_thread_in_native, id=12484, stack(0x0000000025870000,0x0000000025970000)]
  0x00000000210a3800 JavaThread "[assignment3].http.listener(4) SelectorRunner" daemon [_thread_in_native, id=13492, stack(0x0000000025770000,0x0000000025870000)]
  0x00000000210a6000 JavaThread "[assignment3].http.listener(3) SelectorRunner" daemon [_thread_in_native, id=12592, stack(0x0000000025670000,0x0000000025770000)]
  0x000000001ee3d800 JavaThread "[assignment3].http.listener(2) SelectorRunner" daemon [_thread_in_native, id=5304, stack(0x00000000240b0000,0x00000000241b0000)]
  0x000000001ee40000 JavaThread "[assignment3].http.listener(1) SelectorRunner" daemon [_thread_in_native, id=9052, stack(0x0000000023cd0000,0x0000000023dd0000)]
  0x000000001ee3e800 JavaThread "GC Daemon" daemon [_thread_blocked, id=13428, stack(0x0000000022930000,0x0000000022a30000)]
  0x000000001ee41800 JavaThread "[assignment3].Mule.01" [_thread_blocked, id=7876, stack(0x0000000020110000,0x0000000020210000)]
  0x000000001ee3f000 JavaThread "Log4j2-AsyncLoggerConfig-3" daemon [_thread_blocked, id=12528, stack(0x0000000020010000,0x0000000020110000)]
  0x000000001ee40800 JavaThread "Log4j2-AsyncLoggerConfig-2" daemon [_thread_blocked, id=12188, stack(0x000000001ff10000,0x0000000020010000)]
  0x000000001ee3d000 JavaThread "DestroyJavaVM" [_thread_blocked, id=4636, stack(0x0000000002440000,0x0000000002540000)]
  0x000000001ee3b800 JavaThread "Mule.app.deployer.monitor.1.thread.1" [_thread_in_vm, id=9912, stack(0x000000001fc10000,0x000000001fd10000)]
  0x000000001ee3a800 JavaThread "agw-policy-watcher" [_thread_blocked, id=228, stack(0x000000001fb10000,0x000000001fc10000)]
  0x000000001e434000 JavaThread "Log4j2-AsyncLoggerConfig-1" daemon [_thread_blocked, id=13180, stack(0x000000001f610000,0x000000001f710000)]
  0x000000001af35000 JavaThread "Service Thread" daemon [_thread_blocked, id=9392, stack(0x000000001c5e0000,0x000000001c6e0000)]
  0x000000001aeb3000 JavaThread "C1 CompilerThread3" daemon [_thread_blocked, id=2408, stack(0x000000001c4e0000,0x000000001c5e0000)]
  0x000000001aeae000 JavaThread "C2 CompilerThread2" daemon [_thread_in_native, id=4704, stack(0x000000001c3e0000,0x000000001c4e0000)]
=>0x000000001aeaa000 JavaThread "C2 CompilerThread1" daemon [_thread_in_native, id=14104, stack(0x000000001c2e0000,0x000000001c3e0000)]
  0x000000001aea6000 JavaThread "C2 CompilerThread0" daemon [_thread_blocked, id=13188, stack(0x000000001c1e0000,0x000000001c2e0000)]
  0x000000001aea5000 JavaThread "Attach Listener" daemon [_thread_blocked, id=3676, stack(0x000000001c0e0000,0x000000001c1e0000)]
  0x000000001aea4000 JavaThread "Signal Dispatcher" daemon [_thread_blocked, id=1948, stack(0x000000001bfe0000,0x000000001c0e0000)]
  0x0000000019b17800 JavaThread "Finalizer" daemon [_thread_blocked, id=13500, stack(0x000000001bde0000,0x000000001bee0000)]
  0x0000000019b10800 JavaThread "Reference Handler" daemon [_thread_blocked, id=12600, stack(0x000000001bce0000,0x000000001bde0000)]

Other Threads:
  0x0000000019b09800 VMThread [stack: 0x000000001bbe0000,0x000000001bce0000] [id=13956]
  0x000000001b00c800 WatcherThread [stack: 0x000000001c830000,0x000000001c930000] [id=13156]

VM state:not at safepoint (normal execution)

VM Mutex/Monitor currently owned by a thread:  ([mutex/lock_event])
[0x000000000223d460] PeriodicTask_lock - owner thread: 0x000000001b00c800

Heap:
 PSYoungGen      total 386560K, used 209843K [0x0000000780980000, 0x00000007a4c00000, 0x00000007c0000000)
  eden space 363520K, 57% used [0x0000000780980000,0x000000078d66ce18,0x0000000796c80000)
  from space 23040K, 0% used [0x0000000796c80000,0x0000000796c80000,0x0000000798300000)
  to   space 22016K, 0% used [0x00000007a3680000,0x00000007a3680000,0x00000007a4c00000)
 ParOldGen       total 132608K, used 39761K [0x0000000701c00000, 0x0000000709d80000, 0x0000000780980000)
  object space 132608K, 29% used [0x0000000701c00000,0x00000007042d44a8,0x0000000709d80000)
 Metaspace       used 41535K, capacity 41997K, committed 42368K, reserved 1085440K
  class space    used 5611K, capacity 5755K, committed 5760K, reserved 1048576K

Card table byte_map: [0x0000000011a00000,0x0000000012000000] byte_map_base: 0x000000000e1f2000

Marking Bits: (ParMarkBitMap*) 0x000000006b90a6c0
 Begin Bits: [0x0000000012c00000, 0x0000000015b90000)
 End Bits:   [0x0000000015b90000, 0x0000000018b20000)

Polling page: 0x0000000000bb0000

CodeCache: size=245760Kb used=11864Kb max_used=12352Kb free=233895Kb
 bounds [0x0000000002640000, 0x00000000032b0000, 0x0000000011640000]
 total_blobs=3645 nmethods=3153 adapters=404
 compilation: enabled

Compilation events (10 events):
Event: 53.782 Thread 0x000000001aeae000 3606  s!   4       sun.misc.URLClassPath::getLoader (197 bytes)
Event: 53.888 Thread 0x000000001aeae000 nmethod 3606 0x0000000002b82190 code [0x0000000002b82560, 0x0000000002b85f40]
Event: 53.888 Thread 0x000000001aeae000 3596       4       java.util.AbstractList::<init> (10 bytes)
Event: 53.888 Thread 0x000000001aeae000 nmethod 3596 0x0000000002cb5b10 code [0x0000000002cb5c40, 0x0000000002cb5c98]
Event: 54.536 Thread 0x000000001aeb3000 3610       3       java.util.concurrent.CopyOnWriteArrayList::iterator (14 bytes)
Event: 54.536 Thread 0x000000001aeb3000 nmethod 3610 0x0000000002b81ad0 code [0x0000000002b81c40, 0x0000000002b81fd0]
Event: 54.815 Thread 0x000000001aea6000 nmethod 3573 0x000000000328df10 code [0x000000000328e700, 0x0000000003296d60]
Event: 55.301 Thread 0x000000001aeb3000 3611       3       java.util.concurrent.locks.LockSupport::setBlocker (12 bytes)
Event: 55.301 Thread 0x000000001aeb3000 nmethod 3611 0x00000000028e94d0 code [0x00000000028e9620, 0x00000000028e9770]
Event: 56.690 Thread 0x000000001aeae000 3612  s    4       sun.misc.URLClassPath::getNextLoader (88 bytes)

GC Heap History (10 events):
Event: 48.482 GC heap before
{Heap before GC invocations=7 (full 1):
 PSYoungGen      total 219648K, used 9573K [0x0000000780980000, 0x000000078f880000, 0x00000007c0000000)
  eden space 196608K, 0% used [0x0000000780980000,0x0000000780980000,0x000000078c980000)
  from space 23040K, 41% used [0x000000078e200000,0x000000078eb595b8,0x000000078f880000)
  to   space 24064K, 0% used [0x000000078c980000,0x000000078c980000,0x000000078e100000)
 ParOldGen       total 131072K, used 29590K [0x0000000701c00000, 0x0000000709c00000, 0x0000000780980000)
  object space 131072K, 22% used [0x0000000701c00000,0x00000007038e58b0,0x0000000709c00000)
 Metaspace       used 20871K, capacity 21082K, committed 21248K, reserved 1067008K
  class space    used 2744K, capacity 2806K, committed 2816K, reserved 1048576K
Event: 48.674 GC heap after
Heap after GC invocations=7 (full 1):
 PSYoungGen      total 219648K, used 0K [0x0000000780980000, 0x000000078f880000, 0x00000007c0000000)
  eden space 196608K, 0% used [0x0000000780980000,0x0000000780980000,0x000000078c980000)
  from space 23040K, 0% used [0x000000078e200000,0x000000078e200000,0x000000078f880000)
  to   space 24064K, 0% used [0x000000078c980000,0x000000078c980000,0x000000078e100000)
 ParOldGen       total 106496K, used 36006K [0x0000000701c00000, 0x0000000708400000, 0x0000000780980000)
  object space 106496K, 33% used [0x0000000701c00000,0x0000000703f29a78,0x0000000708400000)
 Metaspace       used 20871K, capacity 21082K, committed 21248K, reserved 1067008K
  class space    used 2744K, capacity 2806K, committed 2816K, reserved 1048576K
}
Event: 50.821 GC heap before
{Heap before GC invocations=8 (full 1):
 PSYoungGen      total 219648K, used 196608K [0x0000000780980000, 0x000000078f880000, 0x00000007c0000000)
  eden space 196608K, 100% used [0x0000000780980000,0x000000078c980000,0x000000078c980000)
  from space 23040K, 0% used [0x000000078e200000,0x000000078e200000,0x000000078f880000)
  to   space 24064K, 0% used [0x000000078c980000,0x000000078c980000,0x000000078e100000)
 ParOldGen       total 106496K, used 36006K [0x0000000701c00000, 0x0000000708400000, 0x0000000780980000)
  object space 106496K, 33% used [0x0000000701c00000,0x0000000703f29a78,0x0000000708400000)
 Metaspace       used 27034K, capacity 27252K, committed 27648K, reserved 1073152K
  class space    used 3699K, capacity 3775K, committed 3840K, reserved 1048576K
Event: 50.830 GC heap after
Heap after GC invocations=8 (full 1):
 PSYoungGen      total 220672K, used 8678K [0x0000000780980000, 0x0000000799e80000, 0x00000007c0000000)
  eden space 196608K, 0% used [0x0000000780980000,0x0000000780980000,0x000000078c980000)
  from space 24064K, 36% used [0x000000078c980000,0x000000078d1f9b58,0x000000078e100000)
  to   space 23552K, 0% used [0x0000000798780000,0x0000000798780000,0x0000000799e80000)
 ParOldGen       total 106496K, used 36014K [0x0000000701c00000, 0x0000000708400000, 0x0000000780980000)
  object space 106496K, 33% used [0x0000000701c00000,0x0000000703f2ba78,0x0000000708400000)
 Metaspace       used 27034K, capacity 27252K, committed 27648K, reserved 1073152K
  class space    used 3699K, capacity 3775K, committed 3840K, reserved 1048576K
}
Event: 52.038 GC heap before
{Heap before GC invocations=9 (full 1):
 PSYoungGen      total 220672K, used 205286K [0x0000000780980000, 0x0000000799e80000, 0x00000007c0000000)
  eden space 196608K, 100% used [0x0000000780980000,0x000000078c980000,0x000000078c980000)
  from space 24064K, 36% used [0x000000078c980000,0x000000078d1f9b58,0x000000078e100000)
  to   space 23552K, 0% used [0x0000000798780000,0x0000000798780000,0x0000000799e80000)
 ParOldGen       total 106496K, used 36014K [0x0000000701c00000, 0x0000000708400000, 0x0000000780980000)
  object space 106496K, 33% used [0x0000000701c00000,0x0000000703f2ba78,0x0000000708400000)
 Metaspace       used 31510K, capacity 31821K, committed 32256K, reserved 1077248K
  class space    used 4228K, capacity 4328K, committed 4352K, reserved 1048576K
Event: 52.049 GC heap after
Heap after GC invocations=9 (full 1):
 PSYoungGen      total 381952K, used 10116K [0x0000000780980000, 0x0000000799980000, 0x00000007c0000000)
  eden space 363520K, 0% used [0x0000000780980000,0x0000000780980000,0x0000000796c80000)
  from space 18432K, 54% used [0x0000000798780000,0x0000000799161038,0x0000000799980000)
  to   space 23040K, 0% used [0x0000000796c80000,0x0000000796c80000,0x0000000798300000)
 ParOldGen       total 106496K, used 36022K [0x0000000701c00000, 0x0000000708400000, 0x0000000780980000)
  object space 106496K, 33% used [0x0000000701c00000,0x0000000703f2da78,0x0000000708400000)
 Metaspace       used 31510K, capacity 31821K, committed 32256K, reserved 1077248K
  class space    used 4228K, capacity 4328K, committed 4352K, reserved 1048576K
}
Event: 52.501 GC heap before
{Heap before GC invocations=10 (full 1):
 PSYoungGen      total 381952K, used 93832K [0x0000000780980000, 0x0000000799980000, 0x00000007c0000000)
  eden space 363520K, 23% used [0x0000000780980000,0x0000000785b41268,0x0000000796c80000)
  from space 18432K, 54% used [0x0000000798780000,0x0000000799161038,0x0000000799980000)
  to   space 23040K, 0% used [0x0000000796c80000,0x0000000796c80000,0x0000000798300000)
 ParOldGen       total 106496K, used 36022K [0x0000000701c00000, 0x0000000708400000, 0x0000000780980000)
  object space 106496K, 33% used [0x0000000701c00000,0x0000000703f2da78,0x0000000708400000)
 Metaspace       used 34769K, capacity 35145K, committed 35416K, reserved 1079296K
  class space    used 4678K, capacity 4818K, committed 4864K, reserved 1048576K
Event: 52.512 GC heap after
Heap after GC invocations=10 (full 1):
 PSYoungGen      total 386560K, used 10346K [0x0000000780980000, 0x00000007a4c00000, 0x00000007c0000000)
  eden space 363520K, 0% used [0x0000000780980000,0x0000000780980000,0x0000000796c80000)
  from space 23040K, 44% used [0x0000000796c80000,0x000000079769aa98,0x0000000798300000)
  to   space 22016K, 0% used [0x00000007a3680000,0x00000007a3680000,0x00000007a4c00000)
 ParOldGen       total 106496K, used 36030K [0x0000000701c00000, 0x0000000708400000, 0x0000000780980000)
  object space 106496K, 33% used [0x0000000701c00000,0x0000000703f2fa78,0x0000000708400000)
 Metaspace       used 34769K, capacity 35145K, committed 35416K, reserved 1079296K
  class space    used 4678K, capacity 4818K, committed 4864K, reserved 1048576K
}
Event: 52.512 GC heap before
{Heap before GC invocations=11 (full 2):
 PSYoungGen      total 386560K, used 10346K [0x0000000780980000, 0x00000007a4c00000, 0x00000007c0000000)
  eden space 363520K, 0% used [0x0000000780980000,0x0000000780980000,0x0000000796c80000)
  from space 23040K, 44% used [0x0000000796c80000,0x000000079769aa98,0x0000000798300000)
  to   space 22016K, 0% used [0x00000007a3680000,0x00000007a3680000,0x00000007a4c00000)
 ParOldGen       total 106496K, used 36030K [0x0000000701c00000, 0x0000000708400000, 0x0000000780980000)
  object space 106496K, 33% used [0x0000000701c00000,0x0000000703f2fa78,0x0000000708400000)
 Metaspace       used 34769K, capacity 35145K, committed 35416K, reserved 1079296K
  class space    used 4678K, capacity 4818K, committed 4864K, reserved 1048576K
Event: 52.632 GC heap after
Heap after GC invocations=11 (full 2):
 PSYoungGen      total 386560K, used 0K [0x0000000780980000, 0x00000007a4c00000, 0x00000007c0000000)
  eden space 363520K, 0% used [0x0000000780980000,0x0000000780980000,0x0000000796c80000)
  from space 23040K, 0% used [0x0000000796c80000,0x0000000796c80000,0x0000000798300000)
  to   space 22016K, 0% used [0x00000007a3680000,0x00000007a3680000,0x00000007a4c00000)
 ParOldGen       total 132608K, used 39761K [0x0000000701c00000, 0x0000000709d80000, 0x0000000780980000)
  object space 132608K, 29% used [0x0000000701c00000,0x00000007042d44a8,0x0000000709d80000)
 Metaspace       used 34769K, capacity 35145K, committed 35416K, reserved 1079296K
  class space    used 4678K, capacity 4818K, committed 4864K, reserved 1048576K
}

Deoptimization events (10 events):
Event: 51.963 Thread 0x000000001ee3b800 Uncommon trap: reason=unstable_if action=reinterpret pc=0x0000000002b25960 method=sun.misc.ASCIICaseInsensitiveComparator.compare(Ljava/lang/String;Ljava/lang/String;)I @ 83
Event: 52.153 Thread 0x000000001ee3b800 Uncommon trap: reason=unstable_if action=reinterpret pc=0x0000000002f26f5c method=java.lang.CharacterDataLatin1.digit(II)I @ 82
Event: 52.387 Thread 0x000000001ee3b800 Uncommon trap: reason=unstable_if action=reinterpret pc=0x0000000002bb4820 method=java.net.URL.<init>(Ljava/net/URL;Ljava/lang/String;Ljava/net/URLStreamHandler;)V @ 347
Event: 52.389 Thread 0x000000001ee3b800 Uncommon trap: reason=unstable_if action=reinterpret pc=0x000000000308f118 method=java.io.WinNTFileSystem.normalize(Ljava/lang/String;)Ljava/lang/String; @ 49
Event: 52.389 Thread 0x000000001ee3b800 Uncommon trap: reason=unstable_if action=reinterpret pc=0x0000000002b3249c method=java.io.WinNTFileSystem.normalize(Ljava/lang/String;II)Ljava/lang/String; @ 103
Event: 52.800 Thread 0x000000001ee3b800 Uncommon trap: reason=unstable_if action=reinterpret pc=0x0000000002bbe7b4 method=java.lang.ClassLoader.getClassLoadingLock(Ljava/lang/String;)Ljava/lang/Object; @ 6
Event: 52.954 Thread 0x000000001ee3b800 Uncommon trap: reason=unstable_if action=reinterpret pc=0x000000000318d678 method=sun.reflect.annotation.AnnotationInvocationHandler.invoke(Ljava/lang/Object;Ljava/lang/reflect/Method;[Ljava/lang/Object;)Ljava/lang/Object; @ 263
Event: 53.122 Thread 0x000000001ee3b800 Uncommon trap: reason=class_check action=maybe_recompile pc=0x0000000002d9f5d0 method=java.util.Hashtable.put(Ljava/lang/Object;Ljava/lang/Object;)Ljava/lang/Object; @ 60
Event: 53.122 Thread 0x000000001ee3b800 Uncommon trap: reason=class_check action=maybe_recompile pc=0x0000000002d9f5d0 method=java.util.Hashtable.put(Ljava/lang/Object;Ljava/lang/Object;)Ljava/lang/Object; @ 60
Event: 53.122 Thread 0x000000001ee3b800 Uncommon trap: reason=class_check action=maybe_recompile pc=0x0000000002d9f5d0 method=java.util.Hashtable.put(Ljava/lang/Object;Ljava/lang/Object;)Ljava/lang/Object; @ 60

Internal exceptions (10 events):
Event: 53.267 Thread 0x000000001ee3b800 Exception <a 'java/lang/ClassNotFoundException': com/mulesoft/mule/tracking/config/InitialisationCustomizer> (0x000000078923e1e0) thrown at [C:\re\workspace\8-2-build-windows-amd64-cygwin\jdk8u111\7883\hotspot\src\share\vm\classfile\systemDictionary.cpp, 
Event: 53.272 Thread 0x000000001ee3b800 Exception <a 'java/lang/ClassNotFoundException': com/mulesoft/mule/throttling/ThrottlingPhaseBeanInfo> (0x00000007893380f0) thrown at [C:\re\workspace\8-2-build-windows-amd64-cygwin\jdk8u111\7883\hotspot\src\share\vm\classfile\systemDictionary.cpp, line 2
Event: 53.273 Thread 0x000000001ee3b800 Exception <a 'java/lang/ClassNotFoundException': com/mulesoft/mule/throttling/ThrottlingPhaseCustomizer> (0x00000007893944d0) thrown at [C:\re\workspace\8-2-build-windows-amd64-cygwin\jdk8u111\7883\hotspot\src\share\vm\classfile\systemDictionary.cpp, line
Event: 53.277 Thread 0x000000001ee3b800 Exception <a 'java/lang/ClassNotFoundException': com/mulesoft/gateway/http/phases/GatewayValidationPhaseBeanInfo> (0x0000000789443f00) thrown at [C:\re\workspace\8-2-build-windows-amd64-cygwin\jdk8u111\7883\hotspot\src\share\vm\classfile\systemDictionary.
Event: 53.278 Thread 0x000000001ee3b800 Exception <a 'java/lang/ClassNotFoundException': com/mulesoft/gateway/http/phases/GatewayValidationPhaseCustomizer> (0x00000007894ad438) thrown at [C:\re\workspace\8-2-build-windows-amd64-cygwin\jdk8u111\7883\hotspot\src\share\vm\classfile\systemDictionar
Event: 53.281 Thread 0x000000001ee3b800 Exception <a 'java/lang/ClassNotFoundException': org/mule/modules/cors/CorsPhaseBeanInfo> (0x00000007895222b8) thrown at [C:\re\workspace\8-2-build-windows-amd64-cygwin\jdk8u111\7883\hotspot\src\share\vm\classfile\systemDictionary.cpp, line 210]
Event: 53.282 Thread 0x000000001ee3b800 Exception <a 'java/lang/ClassNotFoundException': org/mule/modules/cors/CorsPhaseCustomizer> (0x000000078956e190) thrown at [C:\re\workspace\8-2-build-windows-amd64-cygwin\jdk8u111\7883\hotspot\src\share\vm\classfile\systemDictionary.cpp, line 210]
Event: 53.288 Thread 0x000000001ee3b800 Exception <a 'java/lang/ClassNotFoundException': org/mule/module/http/internal/request/client/HttpConnectorMessageProcessorProviderBeanInfo> (0x0000000789696ab8) thrown at [C:\re\workspace\8-2-build-windows-amd64-cygwin\jdk8u111\7883\hotspot\src\share\vm\
Event: 53.289 Thread 0x000000001ee3b800 Exception <a 'java/lang/ClassNotFoundException': org/mule/module/http/internal/request/client/HttpConnectorMessageProcessorProviderCustomizer> (0x0000000789722388) thrown at [C:\re\workspace\8-2-build-windows-amd64-cygwin\jdk8u111\7883\hotspot\src\share\v
Event: 56.689 Thread 0x000000001ee3b800 Exception <a 'java/net/SocketTimeoutException': connect timed out> (0x000000078d6104b8) thrown at [C:\re\workspace\8-2-build-windows-amd64-cygwin\jdk8u111\7883\hotspot\src\share\vm\prims\jni.cpp, line 735]

Events (10 events):
Event: 53.688 loading class java/net/SocksSocketImpl$3
Event: 53.688 loading class java/net/SocksSocketImpl$3 done
Event: 56.689 loading class java/net/SocketTimeoutException
Event: 56.689 loading class java/io/InterruptedIOException
Event: 56.689 loading class java/io/InterruptedIOException done
Event: 56.689 loading class java/net/SocketTimeoutException done
Event: 56.689 loading class com/mulesoft/module/endpoint/LocalEndpointAliasDiscoverer
Event: 56.689 loading class com/mulesoft/module/endpoint/LocalEndpointAliasDiscoverer done
Event: 56.690 loading class com/mulesoft/module/endpoint/ManualAliasDiscoverer
Event: 56.690 loading class com/mulesoft/module/endpoint/ManualAliasDiscoverer done


Dynamic libraries:
0x00007ff75c7e0000 - 0x00007ff75c817000 	C:\Program Files\Java\jre1.8.0_111\bin\javaw.exe
0x00007ffb4c910000 - 0x00007ffb4cae1000 	C:\Windows\SYSTEM32\ntdll.dll
0x00007ffb4c7f0000 - 0x00007ffb4c89b000 	C:\Windows\System32\KERNEL32.DLL
0x00007ffb498e0000 - 0x00007ffb49afd000 	C:\Windows\System32\KERNELBASE.dll
0x00007ffb4a140000 - 0x00007ffb4a1e2000 	C:\Windows\System32\ADVAPI32.dll
0x00007ffb4aca0000 - 0x00007ffb4ad3e000 	C:\Windows\System32\msvcrt.dll
0x00007ffb4b280000 - 0x00007ffb4b2d9000 	C:\Windows\System32\sechost.dll
0x00007ffb4aa60000 - 0x00007ffb4ab81000 	C:\Windows\System32\RPCRT4.dll
0x00007ffb49f80000 - 0x00007ffb4a0e5000 	C:\Windows\System32\USER32.dll
0x00007ffb48fd0000 - 0x00007ffb48fee000 	C:\Windows\System32\win32u.dll
0x00007ffb4a0f0000 - 0x00007ffb4a124000 	C:\Windows\System32\GDI32.dll
0x00007ffb49d10000 - 0x00007ffb49e92000 	C:\Windows\System32\gdi32full.dll
0x00007ffb3e3c0000 - 0x00007ffb3e639000 	C:\Windows\WinSxS\amd64_microsoft.windows.common-controls_6595b64144ccf1df_6.0.14393.447_none_42191651c6827bb3\COMCTL32.dll
0x00007ffb4a630000 - 0x00007ffb4a8f8000 	C:\Windows\System32\combase.dll
0x00007ffb497e0000 - 0x00007ffb498d5000 	C:\Windows\System32\ucrtbase.dll
0x00007ffb49bf0000 - 0x00007ffb49c5a000 	C:\Windows\System32\bcryptPrimitives.dll
0x00007ffb4ac70000 - 0x00007ffb4ac9e000 	C:\Windows\System32\IMM32.DLL
0x000000006aca0000 - 0x000000006ad72000 	C:\Program Files\Java\jre1.8.0_111\bin\msvcr100.dll
0x000000006b0f0000 - 0x000000006b98a000 	C:\Program Files\Java\jre1.8.0_111\bin\server\jvm.dll
0x00007ffb4ad40000 - 0x00007ffb4ad48000 	C:\Windows\System32\PSAPI.DLL
0x00007ffb46900000 - 0x00007ffb46923000 	C:\Windows\SYSTEM32\WINMM.dll
0x00007ffb313b0000 - 0x00007ffb313b9000 	C:\Windows\SYSTEM32\WSOCK32.dll
0x00007ffb46a10000 - 0x00007ffb46a1a000 	C:\Windows\SYSTEM32\VERSION.dll
0x00007ffb4ac00000 - 0x00007ffb4ac6a000 	C:\Windows\System32\WS2_32.dll
0x00007ffb468a0000 - 0x00007ffb468cb000 	C:\Windows\SYSTEM32\WINMMBASE.dll
0x00007ffb49b00000 - 0x00007ffb49b42000 	C:\Windows\System32\cfgmgr32.dll
0x000000006b000000 - 0x000000006b00f000 	C:\Program Files\Java\jre1.8.0_111\bin\verify.dll
0x000000006afd0000 - 0x000000006aff9000 	C:\Program Files\Java\jre1.8.0_111\bin\java.dll
0x000000006afb0000 - 0x000000006afc6000 	C:\Program Files\Java\jre1.8.0_111\bin\zip.dll
0x00007ffb4b2e0000 - 0x00007ffb4c7e9000 	C:\Windows\System32\SHELL32.dll
0x00007ffb490a0000 - 0x00007ffb4977a000 	C:\Windows\System32\windows.storage.dll
0x00007ffb48db0000 - 0x00007ffb48dfc000 	C:\Windows\System32\powrprof.dll
0x00007ffb4a430000 - 0x00007ffb4a482000 	C:\Windows\System32\shlwapi.dll
0x00007ffb48d70000 - 0x00007ffb48d7f000 	C:\Windows\System32\kernel.appcore.dll
0x00007ffb48ff0000 - 0x00007ffb49099000 	C:\Windows\System32\shcore.dll
0x00007ffb48d90000 - 0x00007ffb48da4000 	C:\Windows\System32\profapi.dll
0x000000006adc0000 - 0x000000006adcd000 	C:\Program Files\Java\jre1.8.0_111\bin\management.dll
0x00007ffb48c00000 - 0x00007ffb48c17000 	C:\Windows\SYSTEM32\CRYPTSP.dll
0x00007ffb48450000 - 0x00007ffb48483000 	C:\Windows\system32\rsaenh.dll
0x00007ffb48bd0000 - 0x00007ffb48bfb000 	C:\Windows\SYSTEM32\bcrypt.dll
0x00007ffb480d0000 - 0x00007ffb480ef000 	C:\Windows\SYSTEM32\USERENV.dll
0x00007ffb48560000 - 0x00007ffb4856b000 	C:\Windows\SYSTEM32\CRYPTBASE.dll
0x000000006af90000 - 0x000000006afaa000 	C:\Program Files\Java\jre1.8.0_111\bin\net.dll
0x00007ffb48250000 - 0x00007ffb482ac000 	C:\Windows\system32\mswsock.dll
0x00007ffb47fe0000 - 0x00007ffb48018000 	C:\Windows\SYSTEM32\IPHLPAPI.DLL
0x00007ffb4abf0000 - 0x00007ffb4abf8000 	C:\Windows\System32\NSI.dll
0x00007ffb42040000 - 0x00007ffb42056000 	C:\Windows\SYSTEM32\dhcpcsvc6.DLL
0x00007ffb420f0000 - 0x00007ffb4210a000 	C:\Windows\SYSTEM32\dhcpcsvc.DLL
0x000000006af70000 - 0x000000006af81000 	C:\Program Files\Java\jre1.8.0_111\bin\nio.dll
0x00007ffb489f0000 - 0x00007ffb489fa000 	C:\Users\afons\AppData\Local\Temp\jansi-64-7734061283192091889.dll
0x00007ffb2d5d0000 - 0x00007ffb2d5e6000 	C:\Windows\system32\napinsp.dll
0x00007ffb2d5f0000 - 0x00007ffb2d60a000 	C:\Windows\system32\pnrpnsp.dll
0x00007ffb465d0000 - 0x00007ffb465e8000 	C:\Windows\system32\NLAapi.dll
0x00007ffb48020000 - 0x00007ffb480c0000 	C:\Windows\SYSTEM32\DNSAPI.dll
0x00007ffb2d630000 - 0x00007ffb2d63e000 	C:\Windows\System32\winrnr.dll
0x00007ffb2d640000 - 0x00007ffb2d655000 	C:\Windows\System32\wshbth.dll
0x00007ffb40fe0000 - 0x00007ffb4104a000 	C:\Windows\System32\fwpuclnt.dll
0x00007ffb3b390000 - 0x00007ffb3b39a000 	C:\Windows\System32\rasadhlp.dll
0x000000006ad90000 - 0x000000006adb4000 	C:\Program Files\Java\jre1.8.0_111\bin\sunec.dll
0x000000006ad80000 - 0x000000006ad8b000 	C:\Program Files\Java\jre1.8.0_111\bin\sunmscapi.dll
0x00007ffb48e00000 - 0x00007ffb48fc9000 	C:\Windows\System32\CRYPT32.dll
0x00007ffb48d80000 - 0x00007ffb48d90000 	C:\Windows\System32\MSASN1.dll

VM Arguments:
jvm_args: -XX:PermSize=128M -XX:MaxPermSize=256M -Dmule.home=C:\Users\afons\AnypointStudio\workspace\.mule -Djava.endorsed.dirs=C:\Program Files (x86)\AnypointStudio\plugins\org.mule.tooling.server.3.8.2.ee_6.1.2.201610102257\mule\lib\endorsed -Djava.net.preferIPv4Stack=TRUE -Dmvel2.disable.jit=TRUE -Dosgi.dev=true -Dmule.verbose.exceptions=true -Dmule.plugins.dir=C:\Program Files (x86)\AnypointStudio\plugins\org.mule.tooling.server.3.8.2.ee_6.1.2.201610102257\mule\plugins -Dmule.agent.enabled=false -Dmule.forceConsoleLog -Dlog4j.debug=true -Danypoint.platform.gatekeeper=false -Dosgi.instance.area=file:\C:\Users\afons\AnypointStudio\workspace -Dfile.encoding=Cp1252 
java_command: org.mule.tooling.server.application.ApplicationDeployer
java_class_path (initial): C:\Program Files (x86)\AnypointStudio\plugins\org.mule.tooling.server.3.8.2.ee_6.1.2.201610102257\mule\tooling\tooling-support-3.8.2.jar;C:\Program Files (x86)\AnypointStudio\plugins\org.mule.tooling.server.3.8.2.ee_6.1.2.201610102257\mule\lib\boot\commons-cli-1.2.jar;C:\Program Files (x86)\AnypointStudio\plugins\org.mule.tooling.server.3.8.2.ee_6.1.2.201610102257\mule\lib\boot\commons-codec-1.9.jar;C:\Program Files (x86)\AnypointStudio\plugins\org.mule.tooling.server.3.8.2.ee_6.1.2.201610102257\mule\lib\boot\disruptor-3.3.0.jar;C:\Program Files (x86)\AnypointStudio\plugins\org.mule.tooling.server.3.8.2.ee_6.1.2.201610102257\mule\lib\boot\jcl-over-slf4j-1.7.7.jar;C:\Program Files (x86)\AnypointStudio\plugins\org.mule.tooling.server.3.8.2.ee_6.1.2.201610102257\mule\lib\boot\license-utils-gw-3.8.2.jar;C:\Program Files (x86)\AnypointStudio\plugins\org.mule.tooling.server.3.8.2.ee_6.1.2.201610102257\mule\lib\boot\licm-studio-1.1.4.jar;C:\Program Files (x86)\AnypointStudio\plugins\org.mule.tooling.server.3.8.2.ee_6.1.2.201610102257\mule\lib\boot\log4j-1.2-api-2.5.jar;C:\Program Files (x86)\AnypointStudio\plugins\org.mule.tooling.server.3.8.2.ee_6.1.2.201610102257\mule\lib\boot\log4j-api-2.5.jar;C:\Program Files (x86)\AnypointStudio\plugins\org.mule.tooling.server.3.8.2.ee_6.1.2.201610102257\mule\lib\boot\log4j-core-2.5.jar;C:\Program Files (x86)\AnypointStudio\plugins\org.mule.tooling.server.3.8.2.ee_6.1.2.201610102257\mule\lib\boot\log4j-jcl-2.5.jar;C:\Program Files (x86)\AnypointStudio\plugins\org.mule.tooling.server.3.8.2.ee_6.1.2.201610102257\mule\lib\boot\log4j-jul-2.5.jar;C:\Program Files (x86)\AnypointStudio\plugins\org.mule.tooling.server.3.8.2.ee_6.1.2.201610102257\mule\lib\boot\log4j-slf4j-impl-2.5.jar;C:\Program Files (x86)\AnypointStudio\plugins\org.mule.tooling.server.3.8.2.ee_6.1.2.201610102257\mule\lib\boot\mule-module-boot-ee-3.8.2.jar;C:\Program Files (x86)\AnypointStudio\plugins\org.mule.tooling.server.3.8.2.ee_6.1.2.2016101
Launcher Type: SUN_STANDARD

Environment Variables:
JAVA_HOME=C:\Program Files\Java\jdk1.8.0_101
PATH=C:/Program Files/Java/jre1.8.0_111/bin/server;C:/Program Files/Java/jre1.8.0_111/bin;C:/Program Files/Java/jre1.8.0_111/lib/amd64;C:\ProgramData\Oracle\Java\javapath;C:\Windows\system32;C:\Windows;C:\Windows\System32\Wbem;C:\Windows\System32\WindowsPowerShell\v1.0\;C:\Program Files (x86)\jaxb-ri\bin;C:\Users\afons\wildfly-8.2.1.Final\bin;C:\Program Files\Java\jdk1.8.0_101\bin;C:\Program Files (x86)\NVIDIA Corporation\PhysX\Common;C:\Program Files\Intel\WiFi\bin\;C:\Program Files\Common Files\Intel\WirelessCommon\;C:\Program Files\Java\jdk1.8.0_101\bin;C:\Users\afons\AppData\Local\Microsoft\WindowsApps;C:\Program Files (x86)\mingw-w64\i686-6.2.0-posix-dwarf-rt_v5-rev0\mingw32\bin;C:\Program Files (x86)\jaxb-ri\bin;C:\Program Files\Intel\WiFi\bin\;C:\Program Files\Common Files\Intel\WirelessCommon\;C:\Program Files (x86)\AnypointStudio;
USERNAME=afons
OS=Windows_NT
PROCESSOR_IDENTIFIER=Intel64 Family 6 Model 60 Stepping 3, GenuineIntel



---------------  S Y S T E M  ---------------

OS: Windows 10.0 , 64 bit Build 14393 (10.0.14393.0)

CPU:total 8 (4 cores per cpu, 2 threads per core) family 6 model 60 stepping 3, cmov, cx8, fxsr, mmx, sse, sse2, sse3, ssse3, sse4.1, sse4.2, popcnt, avx, avx2, aes, clmul, erms, lzcnt, ht, tsc, tscinvbit, bmi1, bmi2

Memory: 4k page, physical 12463036k(4011472k free), swap 15424496k(8936k free)

vm_info: Java HotSpot(TM) 64-Bit Server VM (25.111-b14) for windows-amd64 JRE (1.8.0_111-b14), built on Sep 22 2016 19:24:05 by "java_re" with MS VC++ 10.0 (VS2010)

time: Thu Dec 15 23:45:19 2016
elapsed time: 58 seconds (0d 0h 0m 58s)

